<?xml version="1.0" encoding="UTF-8"?>
<!-- Generated by org.testng.reporters.JUnitReportReporter -->
<testsuite hostname="DESKTOP-30KRDBB" failures="0" tests="2" name="Revenue.MIS" time="55.125" errors="0" timestamp="2025-04-25T19:41:08 IST" skipped="0">
  <testcase classname="Revenue.MIS" name="mis_window_open" time="4.294"/>
  <testcase classname="Revenue.MIS" name="google_login" time="50.831"/>
</testsuite> <!-- Revenue.MIS -->
