<?xml version="1.0" encoding="UTF-8"?>
<!-- Generated by org.testng.reporters.JUnitReportReporter -->
<testsuite hostname="DESKTOP-30KRDBB" failures="0" tests="2" name="Revenue.Financing" time="15.283" errors="0" timestamp="2025-07-08T16:36:30 IST" skipped="0">
  <testcase classname="Revenue.Financing" name="setUp" time="7.934"/>
  <testcase classname="Revenue.Financing" name="financing" time="7.349"/>
</testsuite> <!-- Revenue.Financing -->
